CS240: lab6. cs240 Tue Mar 31 00:09:52 EDT 2015  Total:  0 of 12

CS240: lab6. cs240 Tue Mar 31 00:10:08 EDT 2015  Total:  12 of 12

CS240: lab6. cs240 Tue Mar 31 00:11:07 EDT 2015  Total:  0 of 12

CS240: lab6. cs240 Tue Mar 31 00:11:39 EDT 2015  Total:  0 of 12

CS240: lab6. cs240 Tue Mar 31 00:13:58 EDT 2015  Total:  0 of 12

CS240: lab6. iyer18 Thu Apr 2 14:13:28 EDT 2015  Total:  0 of 12

CS240: lab6. iyer18 Thu Apr 2 14:14:48 EDT 2015  Total:  0 of 12

CS240: lab6. iyer18 Thu Apr 2 14:22:40 EDT 2015  Total:  2 of 12

CS240: lab6. iyer18 Thu Apr 2 14:24:51 EDT 2015  Total:  2 of 12

CS240: lab6. iyer18 Thu Apr 2 14:28:38 EDT 2015  Total:  2 of 12

CS240: lab6. iyer18 Thu Apr 2 14:34:40 EDT 2015  Total:  2 of 12

CS240: lab6. iyer18 Thu Apr 2 14:39:08 EDT 2015  Total:  2 of 12

CS240: lab6. iyer18 Thu Apr 2 14:40:31 EDT 2015  Total:  8 of 12

CS240: lab6. iyer18 Thu Apr 2 14:41:01 EDT 2015  Total:  12 of 12

CS240: lab6. iyer18 Thu Apr 2 15:16:10 EDT 2015  Total:  12 of 12

CS240: lab6. iyer18 Thu Apr 9 13:25:37 EDT 2015  Total:  12 of 12

CS240: lab6. iyer18 Wed Apr 15 20:25:50 EDT 2015  Total:  12 of 62

CS240: lab6. iyer18 Wed Apr 15 23:11:42 EDT 2015  Total:  12 of 62

CS240: lab6. iyer18 Fri Apr 17 02:41:08 EDT 2015  Total:  32 of 62

CS240: lab6. iyer18 Fri Apr 17 19:16:01 EDT 2015  Total:  42 of 62

CS240: lab6. iyer18 Fri Apr 17 20:22:35 EDT 2015  Total:  42 of 62

CS240: lab6. iyer18 Fri Apr 17 20:26:39 EDT 2015  Total:  47 of 62

CS240: lab6. iyer18 Fri Apr 17 20:54:37 EDT 2015  Total:  52 of 62

CS240: lab6. iyer18 Fri Apr 17 21:14:40 EDT 2015  Total:  57 of 62

CS240: lab6. iyer18 Fri Apr 17 22:10:48 EDT 2015  Total:  22 of 62

CS240: lab6. iyer18 Fri Apr 17 22:21:16 EDT 2015  Total:  22 of 62

CS240: lab6. iyer18 Fri Apr 17 22:28:21 EDT 2015  Total:  52 of 62

CS240: lab6. iyer18 Fri Apr 17 22:32:04 EDT 2015  Total:  52 of 62

CS240: lab6. iyer18 Fri Apr 17 22:34:03 EDT 2015  Total:  57 of 62

CS240: lab6. iyer18 Fri Apr 17 22:48:41 EDT 2015  Total:  52 of 62

CS240: lab6. iyer18 Fri Apr 17 23:13:11 EDT 2015  Total:  22 of 62

CS240: lab6. iyer18 Sat Apr 18 00:48:45 EDT 2015  Total:  57 of 62

CS240: lab6. iyer18 Sat Apr 18 02:18:39 EDT 2015  Total:  27 of 62

CS240: lab6. iyer18 Sat Apr 18 02:45:23 EDT 2015  Total:  57 of 62

CS240: lab6. iyer18 Sat Apr 18 02:49:54 EDT 2015  Total:  62 of 62

CS240: lab6. iyer18 Sat Apr 18 19:11:26 EDT 2015  Total:  62 of 62

CS240: lab6. iyer18 Mon Apr 20 15:19:42 EDT 2015  Total:  62 of 62

CS240: lab6. iyer18 Mon Apr 20 15:30:14 EDT 2015  Total:  62 of 62

CS240: lab6. iyer18 Wed Apr 22 00:49:56 EDT 2015  Total:  62 of 62

CS240: lab6. iyer18 Tue Apr 28 00:07:58 EDT 2015  Total:  62 of 62

CS240: lab6. iyer18 Thu Apr 30 14:05:33 EDT 2015  Total:  62 of 62

